<?xml version="1.0" encoding="UTF-8"?>
<testng-results skipped="0" failed="1" total="4" passed="3">
  <reporter-output>
  </reporter-output>
  <suite name="Default suite" duration-ms="13562" started-at="2020-10-13T08:37:15Z" finished-at="2020-10-13T08:37:29Z">
    <groups>
    </groups>
    <test name="Default test" duration-ms="13562" started-at="2020-10-13T08:37:15Z" finished-at="2020-10-13T08:37:29Z">
      <class name="maven_test.maven_demo">
        <test-method status="PASS" signature="beforeClass()[pri:0, instance:maven_test.maven_demo@68be2bc2]" name="beforeClass" is-config="true" duration-ms="6899" started-at="2020-10-13T15:37:15Z" finished-at="2020-10-13T15:37:22Z">
          <reporter-output>
          </reporter-output>
        </test-method> <!-- beforeClass -->
        <test-method status="PASS" signature="TC_01_ValidateCurrentUrl()[pri:0, instance:maven_test.maven_demo@68be2bc2]" name="TC_01_ValidateCurrentUrl" duration-ms="2061" started-at="2020-10-13T15:37:22Z" finished-at="2020-10-13T15:37:24Z">
          <reporter-output>
          </reporter-output>
        </test-method> <!-- TC_01_ValidateCurrentUrl -->
        <test-method status="PASS" signature="TC_02_Input_Value()[pri:0, instance:maven_test.maven_demo@68be2bc2]" name="TC_02_Input_Value" duration-ms="262" started-at="2020-10-13T15:37:24Z" finished-at="2020-10-13T15:37:24Z">
          <reporter-output>
          </reporter-output>
        </test-method> <!-- TC_02_Input_Value -->
        <test-method status="PASS" signature="TC_03_LoginFormDisplayed()[pri:0, instance:maven_test.maven_demo@68be2bc2]" name="TC_03_LoginFormDisplayed" duration-ms="1611" started-at="2020-10-13T15:37:24Z" finished-at="2020-10-13T15:37:26Z">
          <reporter-output>
          </reporter-output>
        </test-method> <!-- TC_03_LoginFormDisplayed -->
        <test-method status="FAIL" signature="TC_04_Click_News()[pri:0, instance:maven_test.maven_demo@68be2bc2]" name="TC_04_Click_News" duration-ms="1909" started-at="2020-10-13T15:37:26Z" finished-at="2020-10-13T15:37:28Z">
          <exception class="org.openqa.selenium.NoSuchElementException">
            <message>
              <![CDATA[Cannot locate an element using partial link text=COVID-19
For documentation on this error, please visit: https://www.seleniumhq.org/exceptions/no_such_element.html
Build info: version: '3.141.59', revision: 'e82be7d358', time: '2018-11-14T08:25:53'
System info: host: 'WS094', ip: '10.225.3.14', os.name: 'Windows 10', os.arch: 'amd64', os.version: '10.0', java.version: '1.8.0_261'
Driver info: driver.version: RemoteWebDriver]]>
            </message>
            <full-stacktrace>
              <![CDATA[org.openqa.selenium.NoSuchElementException: Cannot locate an element using partial link text=COVID-19
For documentation on this error, please visit: https://www.seleniumhq.org/exceptions/no_such_element.html
Build info: version: '3.141.59', revision: 'e82be7d358', time: '2018-11-14T08:25:53'
System info: host: 'WS094', ip: '10.225.3.14', os.name: 'Windows 10', os.arch: 'amd64', os.version: '10.0', java.version: '1.8.0_261'
Driver info: driver.version: RemoteWebDriver
	at org.openqa.selenium.remote.RemoteWebDriver.findElement(RemoteWebDriver.java:327)
	at org.openqa.selenium.remote.RemoteWebDriver.findElementByPartialLinkText(RemoteWebDriver.java:388)
	at org.openqa.selenium.By$ByPartialLinkText.findElement(By.java:250)
	at org.openqa.selenium.remote.RemoteWebDriver.findElement(RemoteWebDriver.java:315)
	at maven_test.maven_demo.TC_04_Click_News(maven_demo.java:48)
	at sun.reflect.NativeMethodAccessorImpl.invoke0(Native Method)
	at sun.reflect.NativeMethodAccessorImpl.invoke(Unknown Source)
	at sun.reflect.DelegatingMethodAccessorImpl.invoke(Unknown Source)
	at java.lang.reflect.Method.invoke(Unknown Source)
	at org.testng.internal.MethodInvocationHelper.invokeMethod(MethodInvocationHelper.java:84)
	at org.testng.internal.Invoker.invokeMethod(Invoker.java:714)
	at org.testng.internal.Invoker.invokeTestMethod(Invoker.java:901)
	at org.testng.internal.Invoker.invokeTestMethods(Invoker.java:1231)
	at org.testng.internal.TestMethodWorker.invokeTestMethods(TestMethodWorker.java:127)
	at org.testng.internal.TestMethodWorker.run(TestMethodWorker.java:111)
	at org.testng.TestRunner.privateRun(TestRunner.java:767)
	at org.testng.TestRunner.run(TestRunner.java:617)
	at org.testng.SuiteRunner.runTest(SuiteRunner.java:348)
	at org.testng.SuiteRunner.runSequentially(SuiteRunner.java:343)
	at org.testng.SuiteRunner.privateRun(SuiteRunner.java:305)
	at org.testng.SuiteRunner.run(SuiteRunner.java:254)
	at org.testng.SuiteRunnerWorker.runSuite(SuiteRunnerWorker.java:52)
	at org.testng.SuiteRunnerWorker.run(SuiteRunnerWorker.java:86)
	at org.testng.TestNG.runSuitesSequentially(TestNG.java:1224)
	at org.testng.TestNG.runSuitesLocally(TestNG.java:1149)
	at org.testng.TestNG.run(TestNG.java:1057)
	at org.testng.remote.AbstractRemoteTestNG.run(AbstractRemoteTestNG.java:132)
	at org.testng.remote.RemoteTestNG.initAndRun(RemoteTestNG.java:230)
	at org.testng.remote.RemoteTestNG.main(RemoteTestNG.java:76)
]]>
            </full-stacktrace>
          </exception> <!-- org.openqa.selenium.NoSuchElementException -->
          <reporter-output>
          </reporter-output>
        </test-method> <!-- TC_04_Click_News -->
        <test-method status="PASS" signature="afterClass()[pri:0, instance:maven_test.maven_demo@68be2bc2]" name="afterClass" is-config="true" duration-ms="786" started-at="2020-10-13T15:37:28Z" finished-at="2020-10-13T15:37:29Z">
          <reporter-output>
          </reporter-output>
        </test-method> <!-- afterClass -->
      </class> <!-- maven_test.maven_demo -->
    </test> <!-- Default test -->
  </suite> <!-- Default suite -->
</testng-results>
